C51 COMPILER V9.60.0.0   16_STEPPER_MOTOR                                                  05/11/2020 12:47:46 PAGE 1   


C51 COMPILER V9.60.0.0, COMPILATION OF MODULE 16_STEPPER_MOTOR
OBJECT MODULE PLACED IN .\Objects\16_Stepper_Motor.obj
COMPILER INVOKED BY: C:\Keil_v5\C51\BIN\C51.EXE 16_Stepper_Motor.c OPTIMIZE(8,SPEED) BROWSE DEBUG OBJECTEXTEND PRINT(.\L
                    -istings\16_Stepper_Motor.lst) TABS(2) OBJECT(.\Objects\16_Stepper_Motor.obj)

line level    source

   1          /*  Author    :   L.Boaz
   2              Email id  :   laxsam89@gmail.com
   3              phone     :   +91 95972 91816
   4              hackster  :   https://www.hackster.io/boaz */
   5              
   6          #include<reg51.h>
   7          void Dtime(unsigned int c);
   8          void main(void)
   9            
  10          {
  11   1        int x;
  12   1      while(1)
  13   1      {
  14   2        for(x=0;x<5;x++)    // To obtain 72deg rotation it should run 5 times so x=5
  15   2        {
  16   3        // Anticlock wise module      For one seq it rotates 14.4 deg
  17   3        P1 = 0x09;          // A1 = 1, A2 = 0, B1 = 0, B2 = 1     3.6 deg
  18   3        Dtime(200);
  19   3        P1 = 0x05;          // A1 = 0, A2 = 1, B1 = 0, B2 = 1     7.2 deg
  20   3        Dtime(200);
  21   3        P1 = 0x06;          // A1 = 0, A2 = 1, B1 = 1, B2 = 0     10.8 deg
  22   3        Dtime(200);
  23   3        P1 = 0x0A;          // A1 = 1, A2 = 0, B1 = 1, B2 = 0     14.4 deg
  24   3        Dtime(200);  
  25   3        }
  26   2        for(x=0;x<10;x++)   // To obtain 144deg rotation it should run 10 times so x=10
  27   2        {
  28   3        // clock wise module simply reverse the order.
  29   3        P1 = 0x0A;
  30   3        Dtime(200);
  31   3        P1 = 0x06;
  32   3        Dtime(200);
  33   3        P1 = 0x05;
  34   3        Dtime(200);
  35   3        P1 = 0x09;
  36   3        Dtime(200);
  37   3        }
  38   2      }
  39   1      }
  40          void Dtime(unsigned int c)
  41          {
  42   1        unsigned int a,b ;
  43   1          for(a=0;a<c;a++)
  44   1            for(b=0;b<250;b++);
  45   1      }


MODULE INFORMATION:   STATIC OVERLAYABLE
   CODE SIZE        =    133    ----
   CONSTANT SIZE    =   ----    ----
   XDATA SIZE       =   ----    ----
   PDATA SIZE       =   ----    ----
   DATA SIZE        =   ----       2
   IDATA SIZE       =   ----    ----
C51 COMPILER V9.60.0.0   16_STEPPER_MOTOR                                                  05/11/2020 12:47:46 PAGE 2   

   BIT SIZE         =   ----    ----
END OF MODULE INFORMATION.


C51 COMPILATION COMPLETE.  0 WARNING(S),  0 ERROR(S)
